<?xml version="1.0" encoding="UTF-8"?>
<testsuite xmlns:xsi="http://www.w3.org/2001/XMLSchema-instance" xsi:noNamespaceSchemaLocation="https://maven.apache.org/surefire/maven-surefire-plugin/xsd/surefire-test-report.xsd" name="com.nt.main.TestBankLoanService" time="15.086" tests="2" errors="0" skipped="1" failures="0">
  <properties>
[...]
</properties>
  <testcase name="testcalcSimpleIntrestAmountWithTimer" classname="com.nt.main.TestBankLoanService" time="0">
    <skipped message="public void com.nt.main.TestBankLoanService.testcalcSimpleIntrestAmountWithTimer() is @Disabled"/>
  </testcase>
  <testcase name="testcalcSimpleIntrestAmountWithSmallNumber" classname="com.nt.main.TestBankLoanService" time="15.043"/>
</testsuite>